2024-01-06 23:13:55,578 - WARNING - Username or password is incorrect.
2024-01-06 23:14:00,941 - INFO - Student Mustafa Tolga Akbaba is logged in.
2024-01-06 23:14:00,941 - INFO - Student Mustafa Tolga Akbaba logged in.
2024-01-06 23:14:03,993 - WARNING - Do not take the final project.
2024-01-06 23:14:03,998 - INFO - Student Mustafa Tolga Akbaba logged in.
2024-01-06 23:14:13,077 - INFO - Student Mustafa Tolga Akbaba logged out.
2024-01-06 23:14:27,498 - INFO - Student Fatih Terim is logged in.
2024-01-06 23:14:27,498 - INFO - Student Fatih Terim logged in.
2024-01-06 23:14:28,778 - INFO - Already taken the project from Project Assistant is 
2024-01-06 23:14:28,778 - INFO - Student Fatih Terim logged in.
2024-01-06 23:16:30,318 - INFO - Student Fatih Terim logged out.
2024-01-06 23:16:43,708 - INFO - Student Fatih Terim is logged in.
2024-01-06 23:16:43,708 - INFO - Student Fatih Terim logged in.
2024-01-06 23:16:46,088 - INFO - Taken project from Project Assistant: Betül Boz
2024-01-06 23:16:46,097 - INFO - Student Fatih Terim logged in.
2024-01-06 23:16:48,647 - INFO - Taken project from Project Assistant: Betül Boz
2024-01-06 23:16:48,649 - INFO - Student Fatih Terim logged in.
2024-01-06 23:16:54,548 - INFO - Student Fatih Terim logged out.
2024-01-06 23:16:55,378 - ERROR - Invalid input!
2024-01-06 23:16:56,739 - INFO - Exiting.
2024-01-06 23:17:05,478 - WARNING - Username or password is incorrect.
2024-01-06 23:17:14,096 - INFO - Student Fatih Terim is logged in.
2024-01-06 23:17:14,098 - INFO - Student Fatih Terim logged in.
2024-01-06 23:17:15,118 - INFO - Already taken the project from Project Assistant is Betül Boz
2024-01-06 23:17:15,121 - INFO - Student Fatih Terim logged in.
2024-01-06 23:17:18,021 - INFO - Already taken the project from Project Assistant is Betül Boz
2024-01-06 23:17:18,021 - INFO - Student Fatih Terim logged in.
2024-01-06 23:17:19,609 - INFO - Student Fatih Terim logged out.
2024-01-06 23:33:01,541 - INFO - Student Fatih Terim is logged in.
2024-01-06 23:33:01,541 - INFO - Student Fatih Terim logged in.
2024-01-06 23:33:03,414 - INFO - Taken project from Project Assistant: Betül Boz
2024-01-06 23:33:03,418 - INFO - Student Fatih Terim logged in.
2024-01-06 23:33:07,779 - INFO - Taken project from Project Assistant: Borahan Tümer
2024-01-06 23:33:07,794 - INFO - Student Fatih Terim logged in.
2024-01-06 23:33:11,517 - INFO - Taken project from Project Assistant: Çiðdem Eroðlu
2024-01-06 23:33:11,533 - INFO - Student Fatih Terim logged in.
2024-01-06 23:33:14,240 - INFO - Student Fatih Terim logged out.
2024-01-06 23:33:15,038 - INFO - Exiting.
2024-01-06 23:40:40,724 - INFO - Student Fatih Terim is logged in.
2024-01-06 23:40:40,724 - INFO - Student Fatih Terim logged in.
2024-01-06 23:40:41,558 - INFO - Already taken the project from Project Assistant is Çiðdem Eroðlu
2024-01-06 23:40:41,558 - INFO - Student Fatih Terim logged in.
2024-01-06 23:41:02,219 - INFO - Student Fatih Terim is logged in.
2024-01-06 23:41:02,220 - INFO - Student Fatih Terim logged in.
2024-01-06 23:41:42,427 - INFO - Student Fatih Terim is logged in.
2024-01-06 23:41:42,427 - INFO - Student Fatih Terim logged in.
2024-01-06 23:42:21,740 - INFO - Student Fatih Terim is logged in.
2024-01-06 23:42:21,740 - INFO - Student Fatih Terim logged in.
2024-01-06 23:42:48,231 - WARNING - Username or password is incorrect.
2024-01-06 23:43:00,786 - INFO - Student Fatih Terim is logged in.
2024-01-06 23:43:00,786 - INFO - Student Fatih Terim logged in.
2024-01-06 23:43:02,974 - INFO - Taken project from Project Assistant: Betül Boz
2024-01-06 23:43:02,974 - INFO - Student Fatih Terim logged in.
2024-01-06 23:43:04,107 - INFO - Already taken the project from Project Assistant is 
2024-01-06 23:43:04,107 - INFO - Student Fatih Terim logged in.
2024-01-06 23:45:02,593 - INFO - Student Fatih Terim is logged in.
2024-01-06 23:45:02,595 - INFO - Student Fatih Terim logged in.
2024-01-06 23:45:03,356 - INFO - Already taken the project from Project Assistant is Betül Boz
2024-01-06 23:45:03,356 - INFO - Student Fatih Terim logged in.
2024-01-06 23:45:31,075 - INFO - Student Fatih Terim is logged in.
2024-01-06 23:45:31,075 - INFO - Student Fatih Terim logged in.
2024-01-06 23:45:40,034 - INFO - Taken project from Project Assistant: Çiðdem Eroðlu
2024-01-06 23:45:40,034 - INFO - Student Fatih Terim logged in.
2024-01-06 23:46:20,573 - INFO - Student Fatih Terim is logged in.
2024-01-06 23:46:20,573 - INFO - Student Fatih Terim logged in.
2024-01-06 23:46:22,436 - INFO - Taken project from Project Assistant: Betül Boz
2024-01-06 23:46:22,436 - INFO - Student Fatih Terim logged in.
2024-01-06 23:46:23,317 - INFO - Already taken the project from Project Assistant is 
2024-01-06 23:46:23,317 - INFO - Student Fatih Terim logged in.
2024-01-06 23:47:24,564 - INFO - Student Fatih Terim is logged in.
2024-01-06 23:47:24,564 - INFO - Student Fatih Terim logged in.
2024-01-06 23:47:25,343 - INFO - Already taken the project from Project Assistant is Betül Boz
2024-01-06 23:47:25,343 - INFO - Student Fatih Terim logged in.
2024-01-06 23:47:40,692 - INFO - Student Fatih Terim is logged in.
2024-01-06 23:47:40,692 - INFO - Student Fatih Terim logged in.
2024-01-06 23:47:42,376 - INFO - Taken project from Project Assistant: Betül Boz
2024-01-06 23:47:42,376 - INFO - Student Fatih Terim logged in.
2024-01-06 23:47:43,427 - INFO - Already taken the project from Project Assistant is 
2024-01-06 23:47:43,427 - INFO - Student Fatih Terim logged in.
2024-01-06 23:52:30,384 - INFO - Student Fatih Terim is logged in.
2024-01-06 23:52:30,384 - INFO - Student Fatih Terim logged in.
2024-01-06 23:52:32,412 - INFO - Taken project from Project Assistant: Betül Boz
2024-01-06 23:52:32,424 - INFO - Student Fatih Terim logged in.
2024-01-06 23:52:33,233 - INFO - Already taken the project from Project Assistant is 
2024-01-06 23:52:33,234 - INFO - Student Fatih Terim logged in.
2024-01-07 00:00:40,039 - INFO - Student Fatih Terim is logged in.
2024-01-07 00:00:40,040 - INFO - Student Fatih Terim logged in.
2024-01-07 00:00:41,826 - INFO - Taken project from Project Assistant: Betül Boz
2024-01-07 00:00:41,826 - INFO - Student Fatih Terim logged in.
2024-01-07 00:00:43,413 - INFO - Student Fatih Terim logged out.
2024-01-07 00:00:51,963 - INFO - Student Semih Haþal is logged in.
2024-01-07 00:00:51,963 - INFO - Student Semih Haþal logged in.
2024-01-07 00:00:52,913 - INFO - Already taken the project from Project Assistant is 
2024-01-07 00:00:52,913 - INFO - Student Semih Haþal logged in.
2024-01-07 00:03:19,733 - INFO - Student Fatih Terim is logged in.
2024-01-07 00:03:19,733 - INFO - Student Fatih Terim logged in.
2024-01-07 00:03:21,136 - INFO - Taken project from Project Assistant: Betül Boz
2024-01-07 00:03:21,136 - INFO - Student Fatih Terim logged in.
2024-01-07 00:03:22,783 - INFO - Student Fatih Terim logged out.
2024-01-07 00:03:31,173 - INFO - Student Semih Haþal is logged in.
2024-01-07 00:03:31,173 - INFO - Student Semih Haþal logged in.
2024-01-07 00:03:33,793 - INFO - Taken project from Project Assistant: Borahan Tümer
2024-01-07 00:03:33,803 - INFO - Student Semih Haþal logged in.
2024-01-07 00:03:36,547 - INFO - Student Semih Haþal logged out.
2024-01-07 00:03:38,684 - INFO - Exiting.
